<?xml version="1.0" encoding="UTF-8"?>
<!-- Generated by org.testng.reporters.JUnitXMLReporter -->
<testsuite hostname="DESKTOP-KAC3CU8" ignored="5" name="Default test" tests="4" failures="0" timestamp="23 Apr 2019 14:45:15 GMT" time="79.786" errors="0">
  <testcase name="loginWithUsername" time="2.776" classname="pageTestCases.EditContractTC"/>
  <testcase name="openContractListingPage" time="5.642" classname="pageTestCases.EditContractTC"/>
  <testcase name="openEditContractPage" time="0.501" classname="pageTestCases.EditContractTC"/>
  <testcase name="updateTransactionRateStandard" time="55.06" classname="pageTestCases.EditContractTC"/>
  <testcase name="updateGeneralInformation" time="0.0" classname="pageTestCases.EditContractTC">
    <ignored/>
  </testcase> <!-- updateGeneralInformation -->
  <testcase name="updateTermFixedPeriodWithoutRenewal" time="0.0" classname="pageTestCases.EditContractTC">
    <ignored/>
  </testcase> <!-- updateTermFixedPeriodWithoutRenewal -->
  <testcase name="updateCommercialsGeneralTerms" time="0.0" classname="pageTestCases.EditContractTC">
    <ignored/>
  </testcase> <!-- updateCommercialsGeneralTerms -->
  <testcase name="updateTermFixedPeriod" time="0.0" classname="pageTestCases.EditContractTC">
    <ignored/>
  </testcase> <!-- updateTermFixedPeriod -->
  <testcase name="updateTermOpenEndedContracts" time="0.0" classname="pageTestCases.EditContractTC">
    <ignored/>
  </testcase> <!-- updateTermOpenEndedContracts -->
</testsuite> <!-- Default test -->
